<?xml version="1.0" encoding="UTF-8"?>
<testsuite xmlns:xsi="http://www.w3.org/2001/XMLSchema-instance" xsi:noNamespaceSchemaLocation="https://maven.apache.org/surefire/maven-surefire-plugin/xsd/surefire-test-report.xsd" name="TestSuite" time="15.477" tests="11" errors="0" skipped="0" failures="0">
  <properties>
    <property name="gopherProxySet" value="false"/>
    <property name="awt.toolkit" value="sun.lwawt.macosx.LWCToolkit"/>
    <property name="file.encoding.pkg" value="sun.io"/>
    <property name="java.specification.version" value="1.8"/>
    <property name="sun.cpu.isalist" value=""/>
    <property name="sun.jnu.encoding" value="UTF-8"/>
    <property name="java.class.path" value="/Users/thao/Documents/Automation class/04 - Maven Framework/maven-hybrid-bankguru/target/test-classes:/Users/thao/Documents/Automation class/04 - Maven Framework/maven-hybrid-bankguru/target/classes:/Users/thao/.m2/repository/org/testng/testng/6.14.3/testng-6.14.3.jar:/Users/thao/.m2/repository/com/beust/jcommander/1.72/jcommander-1.72.jar:/Users/thao/.m2/repository/org/apache-extras/beanshell/bsh/2.0b6/bsh-2.0b6.jar:/Users/thao/.m2/repository/org/seleniumhq/selenium/selenium-java/3.141.59/selenium-java-3.141.59.jar:/Users/thao/.m2/repository/org/seleniumhq/selenium/selenium-api/3.141.59/selenium-api-3.141.59.jar:/Users/thao/.m2/repository/org/seleniumhq/selenium/selenium-chrome-driver/3.141.59/selenium-chrome-driver-3.141.59.jar:/Users/thao/.m2/repository/org/seleniumhq/selenium/selenium-edge-driver/3.141.59/selenium-edge-driver-3.141.59.jar:/Users/thao/.m2/repository/org/seleniumhq/selenium/selenium-firefox-driver/3.141.59/selenium-firefox-driver-3.141.59.jar:/Users/thao/.m2/repository/org/seleniumhq/selenium/selenium-ie-driver/3.141.59/selenium-ie-driver-3.141.59.jar:/Users/thao/.m2/repository/org/seleniumhq/selenium/selenium-opera-driver/3.141.59/selenium-opera-driver-3.141.59.jar:/Users/thao/.m2/repository/org/seleniumhq/selenium/selenium-remote-driver/3.141.59/selenium-remote-driver-3.141.59.jar:/Users/thao/.m2/repository/org/seleniumhq/selenium/selenium-safari-driver/3.141.59/selenium-safari-driver-3.141.59.jar:/Users/thao/.m2/repository/net/bytebuddy/byte-buddy/1.8.15/byte-buddy-1.8.15.jar:/Users/thao/.m2/repository/org/apache/commons/commons-exec/1.3/commons-exec-1.3.jar:/Users/thao/.m2/repository/com/google/guava/guava/25.0-jre/guava-25.0-jre.jar:/Users/thao/.m2/repository/com/google/code/findbugs/jsr305/1.3.9/jsr305-1.3.9.jar:/Users/thao/.m2/repository/org/checkerframework/checker-compat-qual/2.0.0/checker-compat-qual-2.0.0.jar:/Users/thao/.m2/repository/com/google/errorprone/error_prone_annotations/2.1.3/error_prone_annotations-2.1.3.jar:/Users/thao/.m2/repository/com/google/j2objc/j2objc-annotations/1.1/j2objc-annotations-1.1.jar:/Users/thao/.m2/repository/org/codehaus/mojo/animal-sniffer-annotations/1.14/animal-sniffer-annotations-1.14.jar:/Users/thao/.m2/repository/com/squareup/okhttp3/okhttp/3.11.0/okhttp-3.11.0.jar:/Users/thao/.m2/repository/com/squareup/okio/okio/1.14.0/okio-1.14.0.jar:/Users/thao/.m2/repository/org/seleniumhq/selenium/selenium-support/3.141.59/selenium-support-3.141.59.jar:/Users/thao/.m2/repository/io/github/bonigarcia/webdrivermanager/4.4.3/webdrivermanager-4.4.3.jar:/Users/thao/.m2/repository/commons-io/commons-io/2.8.0/commons-io-2.8.0.jar:/Users/thao/.m2/repository/com/google/code/gson/gson/2.8.6/gson-2.8.6.jar:/Users/thao/.m2/repository/org/apache/commons/commons-lang3/3.12.0/commons-lang3-3.12.0.jar:/Users/thao/.m2/repository/org/apache/httpcomponents/client5/httpclient5/5.0.3/httpclient5-5.0.3.jar:/Users/thao/.m2/repository/org/apache/httpcomponents/core5/httpcore5/5.0.2/httpcore5-5.0.2.jar:/Users/thao/.m2/repository/org/apache/httpcomponents/core5/httpcore5-h2/5.0.2/httpcore5-h2-5.0.2.jar:/Users/thao/.m2/repository/commons-codec/commons-codec/1.13/commons-codec-1.13.jar:/Users/thao/.m2/repository/org/rauschig/jarchivelib/1.1.0/jarchivelib-1.1.0.jar:/Users/thao/.m2/repository/org/apache/commons/commons-compress/1.20/commons-compress-1.20.jar:/Users/thao/.m2/repository/org/jsoup/jsoup/1.13.1/jsoup-1.13.1.jar:/Users/thao/.m2/repository/org/uncommons/reportng/1.1.4/reportng-1.1.4.jar:/Users/thao/.m2/repository/velocity/velocity/1.4/velocity-1.4.jar:/Users/thao/.m2/repository/com/fasterxml/jackson/core/jackson-core/2.9.4/jackson-core-2.9.4.jar:/Users/thao/.m2/repository/com/fasterxml/jackson/core/jackson-databind/2.9.4/jackson-databind-2.9.4.jar:/Users/thao/.m2/repository/com/fasterxml/jackson/core/jackson-annotations/2.9.0/jackson-annotations-2.9.0.jar:/Users/thao/.m2/repository/com/aventstack/extentreports/4.0.9/extentreports-4.0.9.jar:/Users/thao/.m2/repository/org/freemarker/freemarker/2.3.23/freemarker-2.3.23.jar:/Users/thao/.m2/repository/org/mongodb/mongodb-driver/3.3.0/mongodb-driver-3.3.0.jar:/Users/thao/.m2/repository/org/mongodb/mongodb-driver-core/3.3.0/mongodb-driver-core-3.3.0.jar:/Users/thao/.m2/repository/org/mongodb/bson/3.3.0/bson-3.3.0.jar:/Users/thao/.m2/repository/org/apache/httpcomponents/httpclient/4.5.2/httpclient-4.5.2.jar:/Users/thao/.m2/repository/org/apache/httpcomponents/httpcore/4.4.4/httpcore-4.4.4.jar:/Users/thao/.m2/repository/org/apache/httpcomponents/httpmime/4.5.2/httpmime-4.5.2.jar:/Users/thao/.m2/repository/joda-time/joda-time/2.0/joda-time-2.0.jar:/Users/thao/.m2/repository/log4j/log4j/1.2.16/log4j-1.2.16.jar:/Users/thao/.m2/repository/org/slf4j/slf4j-api/1.7.24/slf4j-api-1.7.24.jar:/Users/thao/.m2/repository/velocity/velocity-dep/1.4/velocity-dep-1.4.jar:/Users/thao/.m2/repository/com/google/inject/guice/4.1.0/guice-4.1.0.jar:/Users/thao/.m2/repository/javax/inject/javax.inject/1/javax.inject-1.jar:/Users/thao/.m2/repository/aopalliance/aopalliance/1.0/aopalliance-1.0.jar:/Users/thao/.m2/repository/commons-logging/commons-logging/1.2/commons-logging-1.2.jar:/Users/thao/.m2/repository/com/github/javafaker/javafaker/1.0.2/javafaker-1.0.2.jar:/Users/thao/.m2/repository/org/yaml/snakeyaml/1.23/snakeyaml-1.23-android.jar:/Users/thao/.m2/repository/com/github/mifmif/generex/1.0.2/generex-1.0.2.jar:/Users/thao/.m2/repository/dk/brics/automaton/automaton/1.11-8/automaton-1.11-8.jar:/Users/thao/.m2/repository/io/qameta/allure/allure-testng/2.13.5/allure-testng-2.13.5.jar:/Users/thao/.m2/repository/io/qameta/allure/allure-java-commons/2.13.5/allure-java-commons-2.13.5.jar:/Users/thao/.m2/repository/io/qameta/allure/allure-model/2.13.5/allure-model-2.13.5.jar:/Users/thao/.m2/repository/org/apache/tika/tika-core/1.20/tika-core-1.20.jar:/Users/thao/.m2/repository/org/jooq/joor-java-8/0.9.10/joor-java-8-0.9.10.jar:/Users/thao/.m2/repository/org/aspectj/aspectjweaver/1.8.10/aspectjweaver-1.8.10.jar:/Users/thao/.m2/repository/org/aeonbits/owner/owner/1.0.10/owner-1.0.10.jar:"/>
    <property name="java.vm.vendor" value="Oracle Corporation"/>
    <property name="sun.arch.data.model" value="64"/>
    <property name="java.vendor.url" value="http://java.oracle.com/"/>
    <property name="envMaven" value="PROD"/>
    <property name="user.timezone" value=""/>
    <property name="user.country.format" value="JP"/>
    <property name="java.vm.specification.version" value="1.8"/>
    <property name="os.name" value="Mac OS X"/>
    <property name="user.country" value="US"/>
    <property name="sun.java.launcher" value="SUN_STANDARD"/>
    <property name="sun.boot.library.path" value="/Library/Java/JavaVirtualMachines/jdk1.8.0_271.jdk/Contents/Home/jre/lib"/>
    <property name="sun.java.command" value="/Users/thao/Documents/Automation class/04 - Maven Framework/maven-hybrid-bankguru/target/surefire/surefirebooter5975093942132056928.jar /Users/thao/Documents/Automation class/04 - Maven Framework/maven-hybrid-bankguru/target/surefire 2021-12-14T18-12-51_932-jvmRun1 surefire8550578128744825271tmp surefire_02057197356389697116tmp"/>
    <property name="http.nonProxyHosts" value="local|*.local|169.254/16|*.169.254/16"/>
    <property name="surefire.test.class.path" value="/Users/thao/Documents/Automation class/04 - Maven Framework/maven-hybrid-bankguru/target/test-classes:/Users/thao/Documents/Automation class/04 - Maven Framework/maven-hybrid-bankguru/target/classes:/Users/thao/.m2/repository/org/testng/testng/6.14.3/testng-6.14.3.jar:/Users/thao/.m2/repository/com/beust/jcommander/1.72/jcommander-1.72.jar:/Users/thao/.m2/repository/org/apache-extras/beanshell/bsh/2.0b6/bsh-2.0b6.jar:/Users/thao/.m2/repository/org/seleniumhq/selenium/selenium-java/3.141.59/selenium-java-3.141.59.jar:/Users/thao/.m2/repository/org/seleniumhq/selenium/selenium-api/3.141.59/selenium-api-3.141.59.jar:/Users/thao/.m2/repository/org/seleniumhq/selenium/selenium-chrome-driver/3.141.59/selenium-chrome-driver-3.141.59.jar:/Users/thao/.m2/repository/org/seleniumhq/selenium/selenium-edge-driver/3.141.59/selenium-edge-driver-3.141.59.jar:/Users/thao/.m2/repository/org/seleniumhq/selenium/selenium-firefox-driver/3.141.59/selenium-firefox-driver-3.141.59.jar:/Users/thao/.m2/repository/org/seleniumhq/selenium/selenium-ie-driver/3.141.59/selenium-ie-driver-3.141.59.jar:/Users/thao/.m2/repository/org/seleniumhq/selenium/selenium-opera-driver/3.141.59/selenium-opera-driver-3.141.59.jar:/Users/thao/.m2/repository/org/seleniumhq/selenium/selenium-remote-driver/3.141.59/selenium-remote-driver-3.141.59.jar:/Users/thao/.m2/repository/org/seleniumhq/selenium/selenium-safari-driver/3.141.59/selenium-safari-driver-3.141.59.jar:/Users/thao/.m2/repository/net/bytebuddy/byte-buddy/1.8.15/byte-buddy-1.8.15.jar:/Users/thao/.m2/repository/org/apache/commons/commons-exec/1.3/commons-exec-1.3.jar:/Users/thao/.m2/repository/com/google/guava/guava/25.0-jre/guava-25.0-jre.jar:/Users/thao/.m2/repository/com/google/code/findbugs/jsr305/1.3.9/jsr305-1.3.9.jar:/Users/thao/.m2/repository/org/checkerframework/checker-compat-qual/2.0.0/checker-compat-qual-2.0.0.jar:/Users/thao/.m2/repository/com/google/errorprone/error_prone_annotations/2.1.3/error_prone_annotations-2.1.3.jar:/Users/thao/.m2/repository/com/google/j2objc/j2objc-annotations/1.1/j2objc-annotations-1.1.jar:/Users/thao/.m2/repository/org/codehaus/mojo/animal-sniffer-annotations/1.14/animal-sniffer-annotations-1.14.jar:/Users/thao/.m2/repository/com/squareup/okhttp3/okhttp/3.11.0/okhttp-3.11.0.jar:/Users/thao/.m2/repository/com/squareup/okio/okio/1.14.0/okio-1.14.0.jar:/Users/thao/.m2/repository/org/seleniumhq/selenium/selenium-support/3.141.59/selenium-support-3.141.59.jar:/Users/thao/.m2/repository/io/github/bonigarcia/webdrivermanager/4.4.3/webdrivermanager-4.4.3.jar:/Users/thao/.m2/repository/commons-io/commons-io/2.8.0/commons-io-2.8.0.jar:/Users/thao/.m2/repository/com/google/code/gson/gson/2.8.6/gson-2.8.6.jar:/Users/thao/.m2/repository/org/apache/commons/commons-lang3/3.12.0/commons-lang3-3.12.0.jar:/Users/thao/.m2/repository/org/apache/httpcomponents/client5/httpclient5/5.0.3/httpclient5-5.0.3.jar:/Users/thao/.m2/repository/org/apache/httpcomponents/core5/httpcore5/5.0.2/httpcore5-5.0.2.jar:/Users/thao/.m2/repository/org/apache/httpcomponents/core5/httpcore5-h2/5.0.2/httpcore5-h2-5.0.2.jar:/Users/thao/.m2/repository/commons-codec/commons-codec/1.13/commons-codec-1.13.jar:/Users/thao/.m2/repository/org/rauschig/jarchivelib/1.1.0/jarchivelib-1.1.0.jar:/Users/thao/.m2/repository/org/apache/commons/commons-compress/1.20/commons-compress-1.20.jar:/Users/thao/.m2/repository/org/jsoup/jsoup/1.13.1/jsoup-1.13.1.jar:/Users/thao/.m2/repository/org/uncommons/reportng/1.1.4/reportng-1.1.4.jar:/Users/thao/.m2/repository/velocity/velocity/1.4/velocity-1.4.jar:/Users/thao/.m2/repository/com/fasterxml/jackson/core/jackson-core/2.9.4/jackson-core-2.9.4.jar:/Users/thao/.m2/repository/com/fasterxml/jackson/core/jackson-databind/2.9.4/jackson-databind-2.9.4.jar:/Users/thao/.m2/repository/com/fasterxml/jackson/core/jackson-annotations/2.9.0/jackson-annotations-2.9.0.jar:/Users/thao/.m2/repository/com/aventstack/extentreports/4.0.9/extentreports-4.0.9.jar:/Users/thao/.m2/repository/org/freemarker/freemarker/2.3.23/freemarker-2.3.23.jar:/Users/thao/.m2/repository/org/mongodb/mongodb-driver/3.3.0/mongodb-driver-3.3.0.jar:/Users/thao/.m2/repository/org/mongodb/mongodb-driver-core/3.3.0/mongodb-driver-core-3.3.0.jar:/Users/thao/.m2/repository/org/mongodb/bson/3.3.0/bson-3.3.0.jar:/Users/thao/.m2/repository/org/apache/httpcomponents/httpclient/4.5.2/httpclient-4.5.2.jar:/Users/thao/.m2/repository/org/apache/httpcomponents/httpcore/4.4.4/httpcore-4.4.4.jar:/Users/thao/.m2/repository/org/apache/httpcomponents/httpmime/4.5.2/httpmime-4.5.2.jar:/Users/thao/.m2/repository/joda-time/joda-time/2.0/joda-time-2.0.jar:/Users/thao/.m2/repository/log4j/log4j/1.2.16/log4j-1.2.16.jar:/Users/thao/.m2/repository/org/slf4j/slf4j-api/1.7.24/slf4j-api-1.7.24.jar:/Users/thao/.m2/repository/velocity/velocity-dep/1.4/velocity-dep-1.4.jar:/Users/thao/.m2/repository/com/google/inject/guice/4.1.0/guice-4.1.0.jar:/Users/thao/.m2/repository/javax/inject/javax.inject/1/javax.inject-1.jar:/Users/thao/.m2/repository/aopalliance/aopalliance/1.0/aopalliance-1.0.jar:/Users/thao/.m2/repository/commons-logging/commons-logging/1.2/commons-logging-1.2.jar:/Users/thao/.m2/repository/com/github/javafaker/javafaker/1.0.2/javafaker-1.0.2.jar:/Users/thao/.m2/repository/org/yaml/snakeyaml/1.23/snakeyaml-1.23-android.jar:/Users/thao/.m2/repository/com/github/mifmif/generex/1.0.2/generex-1.0.2.jar:/Users/thao/.m2/repository/dk/brics/automaton/automaton/1.11-8/automaton-1.11-8.jar:/Users/thao/.m2/repository/io/qameta/allure/allure-testng/2.13.5/allure-testng-2.13.5.jar:/Users/thao/.m2/repository/io/qameta/allure/allure-java-commons/2.13.5/allure-java-commons-2.13.5.jar:/Users/thao/.m2/repository/io/qameta/allure/allure-model/2.13.5/allure-model-2.13.5.jar:/Users/thao/.m2/repository/org/apache/tika/tika-core/1.20/tika-core-1.20.jar:/Users/thao/.m2/repository/org/jooq/joor-java-8/0.9.10/joor-java-8-0.9.10.jar:/Users/thao/.m2/repository/org/aspectj/aspectjweaver/1.8.10/aspectjweaver-1.8.10.jar:/Users/thao/.m2/repository/org/aeonbits/owner/owner/1.0.10/owner-1.0.10.jar:"/>
    <property name="sun.cpu.endian" value="little"/>
    <property name="user.home" value="/Users/thao"/>
    <property name="user.language" value="en"/>
    <property name="java.specification.vendor" value="Oracle Corporation"/>
    <property name="java.home" value="/Library/Java/JavaVirtualMachines/jdk1.8.0_271.jdk/Contents/Home/jre"/>
    <property name="basedir" value="/Users/thao/Documents/Automation class/04 - Maven Framework/maven-hybrid-bankguru"/>
    <property name="file.separator" value="/"/>
    <property name="line.separator" value="&#10;"/>
    <property name="java.vm.specification.vendor" value="Oracle Corporation"/>
    <property name="java.specification.name" value="Java Platform API Specification"/>
    <property name="java.awt.graphicsenv" value="sun.awt.CGraphicsEnvironment"/>
    <property name="surefire.real.class.path" value="/Users/thao/Documents/Automation class/04 - Maven Framework/maven-hybrid-bankguru/target/surefire/surefirebooter5975093942132056928.jar:/Users/thao/.m2/repository/org/aspectj/aspectjweaver/1.8.10/aspectjweaver-1.8.10.jar"/>
    <property name="sun.boot.class.path" value="/Library/Java/JavaVirtualMachines/jdk1.8.0_271.jdk/Contents/Home/jre/lib/resources.jar:/Library/Java/JavaVirtualMachines/jdk1.8.0_271.jdk/Contents/Home/jre/lib/rt.jar:/Library/Java/JavaVirtualMachines/jdk1.8.0_271.jdk/Contents/Home/jre/lib/sunrsasign.jar:/Library/Java/JavaVirtualMachines/jdk1.8.0_271.jdk/Contents/Home/jre/lib/jsse.jar:/Library/Java/JavaVirtualMachines/jdk1.8.0_271.jdk/Contents/Home/jre/lib/jce.jar:/Library/Java/JavaVirtualMachines/jdk1.8.0_271.jdk/Contents/Home/jre/lib/charsets.jar:/Library/Java/JavaVirtualMachines/jdk1.8.0_271.jdk/Contents/Home/jre/lib/jfr.jar:/Library/Java/JavaVirtualMachines/jdk1.8.0_271.jdk/Contents/Home/jre/classes"/>
    <property name="sun.management.compiler" value="HotSpot 64-Bit Tiered Compilers"/>
    <property name="ftp.nonProxyHosts" value="local|*.local|169.254/16|*.169.254/16"/>
    <property name="java.runtime.version" value="1.8.0_271-b09"/>
    <property name="user.name" value="thao"/>
    <property name="path.separator" value=":"/>
    <property name="os.version" value="10.16"/>
    <property name="java.endorsed.dirs" value="/Library/Java/JavaVirtualMachines/jdk1.8.0_271.jdk/Contents/Home/jre/lib/endorsed"/>
    <property name="java.runtime.name" value="Java(TM) SE Runtime Environment"/>
    <property name="file.encoding" value="UTF-8"/>
    <property name="java.vm.name" value="Java HotSpot(TM) 64-Bit Server VM"/>
    <property name="localRepository" value="/Users/thao/.m2/repository"/>
    <property name="java.vendor.url.bug" value="http://bugreport.sun.com/bugreport/"/>
    <property name="java.io.tmpdir" value="/var/folders/rs/mw_q98fd0059_mfg5__bl5f40000gn/T/"/>
    <property name="java.version" value="1.8.0_271"/>
    <property name="user.dir" value="/Users/thao/Documents/Automation class/04 - Maven Framework/maven-hybrid-bankguru"/>
    <property name="os.arch" value="x86_64"/>
    <property name="java.vm.specification.name" value="Java Virtual Machine Specification"/>
    <property name="java.awt.printerjob" value="sun.lwawt.macosx.CPrinterJob"/>
    <property name="sun.os.patch.level" value="unknown"/>
    <property name="java.library.path" value="/Users/thao/Library/Java/Extensions:/Library/Java/Extensions:/Network/Library/Java/Extensions:/System/Library/Java/Extensions:/usr/lib/java:."/>
    <property name="java.vm.info" value="mixed mode"/>
    <property name="java.vendor" value="Oracle Corporation"/>
    <property name="java.vm.version" value="25.271-b09"/>
    <property name="java.ext.dirs" value="/Users/thao/Library/Java/Extensions:/Library/Java/JavaVirtualMachines/jdk1.8.0_271.jdk/Contents/Home/jre/lib/ext:/Library/Java/Extensions:/Network/Library/Java/Extensions:/System/Library/Java/Extensions:/usr/lib/java"/>
    <property name="sun.io.unicode.encoding" value="UnicodeBig"/>
    <property name="java.class.version" value="52.0"/>
    <property name="socksNonProxyHosts" value="local|*.local|169.254/16|*.169.254/16"/>
  </properties>
  <testcase name="Employee_01_Add_New_Employee" classname="com.bankguru.payment.Level_21_Multiple_Enviroment" time="0.079"/>
  <testcase name="Employee_02_Upload_Avatar" classname="com.bankguru.payment.Level_21_Multiple_Enviroment" time="0.004"/>
  <testcase name="Employee_03_Personal_Details" classname="com.bankguru.payment.Level_21_Multiple_Enviroment" time="0.001"/>
  <testcase name="Employee_04_Contact_Details" classname="com.bankguru.payment.Level_21_Multiple_Enviroment" time="0"/>
  <testcase name="Employee_05_Emergency_Contacts" classname="com.bankguru.payment.Level_21_Multiple_Enviroment" time="0.003"/>
  <testcase name="Employee_06_Assigned_Dependents" classname="com.bankguru.payment.Level_21_Multiple_Enviroment" time="0.009"/>
  <testcase name="Employee_07_Edit_View_Job" classname="com.bankguru.payment.Level_21_Multiple_Enviroment" time="0"/>
  <testcase name="Employee_08_Edit_View_Salary" classname="com.bankguru.payment.Level_21_Multiple_Enviroment" time="0.001"/>
  <testcase name="Employee_09_Edit_View_Tax" classname="com.bankguru.payment.Level_21_Multiple_Enviroment" time="0.003"/>
  <testcase name="Employee_10_Qualifications" classname="com.bankguru.payment.Level_21_Multiple_Enviroment" time="0.004"/>
  <testcase name="Employee_11_Search_Employee" classname="com.bankguru.payment.Level_21_Multiple_Enviroment" time="0.002"/>
</testsuite>