<?xml version="1.0" encoding="UTF-8"?>
<!-- Generated by org.testng.reporters.JUnitReportReporter -->
<testsuite skipped="0" hostname="Thaos-MacBook.local" name="com.hrm.employee.Level_16_Multi_Browsers" tests="1" failures="0" timestamp="14 Dec 2021 03:48:14 GMT" time="10.513" errors="0">
  <testcase name="Employee_01_Add_New_Employee" time="10.513" classname="com.hrm.employee.Level_16_Multi_Browsers"/>
</testsuite> <!-- com.hrm.employee.Level_16_Multi_Browsers -->
